app/build/intermediates/manifest_merge_blame_file /release/manifest-merger-blame-release-report.txt
1<?xml version="1.0" encoding="utf-8"?>
2<manifest xmlns:android="http://schemas.android.com/apk/res/android"
3    package="com.clickEat.ug"
4    android:versionCode="24"
5    android:versionName="3.3.0" >
6
7    <uses-sdk
8        android:minSdkVersion="16"
8-->src/main/AndroidManifest.xml
9        android:targetSdkVersion="30" />
9-->src/main/AndroidManifest.xml
10
11    <uses-permission android:name="android.permission.INTERNET" />
11-->src/main/AndroidManifest.xml:4:5-66
11-->src/main/AndroidManifest.xml:4:22-64
12    <uses-permission android:name="android.permission.ACCESS_NETWORK_STATE" />
12-->src/main/AndroidManifest.xml:5:5-78
12-->src/main/AndroidManifest.xml:5:22-76
13    <uses-permission android:name="android.permission.READ_EXTERNAL_STORAGE" />
13-->src/main/AndroidManifest.xml:6:5-79
13-->src/main/AndroidManifest.xml:6:22-77
14    <uses-permission android:name="android.permission.WRITE_EXTERNAL_STORAGE" />
14-->src/main/AndroidManifest.xml:7:5-80
14-->src/main/AndroidManifest.xml:7:22-78
15
16    <!-- Permission will be merged into the manifest of the hosting app. -->
17    <!-- Is required to launch foreground extraction service for targetSdkVersion 28+. -->
18    <uses-permission android:name="android.permission.FOREGROUND_SERVICE" />
18-->[com.google.android.play:core:1.10.0] AndroidManifest.xml:8:3-74
18-->[com.google.android.play:core:1.10.0] AndroidManifest.xml:8:20-72
19
20    <application
20-->src/main/AndroidManifest.xml:9:5-32:19
21        android:name="androidx.multidex.MultiDexApplication"
22        android:allowBackup="true"
22-->src/main/AndroidManifest.xml:10:9-35
23        android:appComponentFactory="androidx.core.app.CoreComponentFactory"
23-->[androidx.core:core:1.3.2] AndroidManifest.xml:24:18-86
24        android:icon="@mipmap/ic_launcher"
24-->src/main/AndroidManifest.xml:11:9-43
25        android:label="@string/app_name"
25-->src/main/AndroidManifest.xml:12:9-41
26        android:largeHeap="true"
26-->src/main/AndroidManifest.xml:15:9-33
27        android:networkSecurityConfig="@xml/network_security_config"
27-->src/main/AndroidManifest.xml:14:9-69
28        android:roundIcon="@mipmap/ic_launcher_round"
28-->src/main/AndroidManifest.xml:13:9-54
29        android:supportsRtl="true"
29-->src/main/AndroidManifest.xml:16:9-35
30        android:theme="@style/AppTheme" >
30-->src/main/AndroidManifest.xml:17:9-40
31        <activity
31-->src/main/AndroidManifest.xml:18:9-31:20
32            android:name="com.clickEat.ug.MainActivity"
32-->src/main/AndroidManifest.xml:19:13-56
33            android:label="@string/app_name"
33-->src/main/AndroidManifest.xml:20:13-45
34            android:screenOrientation="portrait"
34-->src/main/AndroidManifest.xml:21:13-49
35            android:theme="@style/AppTheme.NoActionBar" >
35-->src/main/AndroidManifest.xml:22:13-56
36            <intent-filter>
36-->src/main/AndroidManifest.xml:23:13-28:29
37                <action android:name="android.intent.action.MAIN" />
37-->src/main/AndroidManifest.xml:24:17-69
37-->src/main/AndroidManifest.xml:24:25-66
38
39                <category android:name="android.intent.category.LAUNCHER" />
39-->src/main/AndroidManifest.xml:26:17-77
39-->src/main/AndroidManifest.xml:26:27-74
40
41                <action android:name="android.intent.action.SEARCH" />
41-->src/main/AndroidManifest.xml:27:17-70
41-->src/main/AndroidManifest.xml:27:25-68
42            </intent-filter>
43
44            <meta-data
44-->src/main/AndroidManifest.xml:29:13-30:53
45                android:name="android.app.searchable"
45-->src/main/AndroidManifest.xml:29:24-61
46                android:resource="@xml/searchable" />
46-->src/main/AndroidManifest.xml:30:17-51
47        </activity>
48
49        <provider
49-->[com.squareup.picasso:picasso:2.71828] AndroidManifest.xml:8:9-11:40
50            android:name="com.squareup.picasso.PicassoProvider"
50-->[com.squareup.picasso:picasso:2.71828] AndroidManifest.xml:9:13-64
51            android:authorities="com.clickEat.ug.com.squareup.picasso"
51-->[com.squareup.picasso:picasso:2.71828] AndroidManifest.xml:10:13-72
52            android:exported="false" />
52-->[com.squareup.picasso:picasso:2.71828] AndroidManifest.xml:11:13-37
53
54        <service
54-->[androidx.room:room-runtime:2.2.5] AndroidManifest.xml:25:9-28:40
55            android:name="androidx.room.MultiInstanceInvalidationService"
55-->[androidx.room:room-runtime:2.2.5] AndroidManifest.xml:26:13-74
56            android:directBootAware="true"
56-->[androidx.room:room-runtime:2.2.5] AndroidManifest.xml:27:13-43
57            android:exported="false" /> <!-- The activities will be merged into the manifest of the hosting app. -->
57-->[androidx.room:room-runtime:2.2.5] AndroidManifest.xml:28:13-37
58        <activity
58-->[com.google.android.play:core:1.10.0] AndroidManifest.xml:12:5-271
59            android:name="com.google.android.play.core.missingsplits.PlayCoreMissingSplitsActivity"
59-->[com.google.android.play:core:1.10.0] AndroidManifest.xml:12:15-102
60            android:enabled="false"
60-->[com.google.android.play:core:1.10.0] AndroidManifest.xml:12:103-126
61            android:exported="false"
61-->[com.google.android.play:core:1.10.0] AndroidManifest.xml:12:127-151
62            android:launchMode="singleInstance"
62-->[com.google.android.play:core:1.10.0] AndroidManifest.xml:12:204-239
63            android:process=":playcore_missing_splits_activity"
63-->[com.google.android.play:core:1.10.0] AndroidManifest.xml:12:152-203
64            android:stateNotNeeded="true" />
64-->[com.google.android.play:core:1.10.0] AndroidManifest.xml:12:240-269
65        <activity
65-->[com.google.android.play:core:1.10.0] AndroidManifest.xml:13:5-226
66            android:name="com.google.android.play.core.common.PlayCoreDialogWrapperActivity"
66-->[com.google.android.play:core:1.10.0] AndroidManifest.xml:13:15-95
67            android:enabled="false"
67-->[com.google.android.play:core:1.10.0] AndroidManifest.xml:13:96-119
68            android:exported="false"
68-->[com.google.android.play:core:1.10.0] AndroidManifest.xml:13:120-144
69            android:stateNotNeeded="true"
69-->[com.google.android.play:core:1.10.0] AndroidManifest.xml:13:145-174
70            android:theme="@style/Theme.PlayCore.Transparent" /> <!-- The services will be merged into the manifest of the hosting app. -->
70-->[com.google.android.play:core:1.10.0] AndroidManifest.xml:13:175-224
71        <service
71-->[com.google.android.play:core:1.10.0] AndroidManifest.xml:16:5-18:15
72            android:name="com.google.android.play.core.assetpacks.AssetPackExtractionService"
72-->[com.google.android.play:core:1.10.0] AndroidManifest.xml:16:14-95
73            android:enabled="false"
73-->[com.google.android.play:core:1.10.0] AndroidManifest.xml:16:96-119
74            android:exported="true" >
74-->[com.google.android.play:core:1.10.0] AndroidManifest.xml:16:120-143
75            <meta-data
75-->[com.google.android.play:core:1.10.0] AndroidManifest.xml:17:7-108
76                android:name="com.google.android.play.core.assetpacks.versionCode"
76-->[com.google.android.play:core:1.10.0] AndroidManifest.xml:17:18-84
77                android:value="11000" />
77-->[com.google.android.play:core:1.10.0] AndroidManifest.xml:17:85-106
78        </service>
79        <service
79-->[com.google.android.play:core:1.10.0] AndroidManifest.xml:19:5-147
80            android:name="com.google.android.play.core.assetpacks.ExtractionForegroundService"
80-->[com.google.android.play:core:1.10.0] AndroidManifest.xml:19:14-96
81            android:enabled="false"
81-->[com.google.android.play:core:1.10.0] AndroidManifest.xml:19:97-120
82            android:exported="false" />
82-->[com.google.android.play:core:1.10.0] AndroidManifest.xml:19:121-145
83
84        <provider
84-->[androidx.lifecycle:lifecycle-process:2.2.0] AndroidManifest.xml:25:9-29:43
85            android:name="androidx.lifecycle.ProcessLifecycleOwnerInitializer"
85-->[androidx.lifecycle:lifecycle-process:2.2.0] AndroidManifest.xml:26:13-79
86            android:authorities="com.clickEat.ug.lifecycle-process"
86-->[androidx.lifecycle:lifecycle-process:2.2.0] AndroidManifest.xml:27:13-69
87            android:exported="false"
87-->[androidx.lifecycle:lifecycle-process:2.2.0] AndroidManifest.xml:28:13-37
88            android:multiprocess="true" />
88-->[androidx.lifecycle:lifecycle-process:2.2.0] AndroidManifest.xml:29:13-40
89    </application>
90
91</manifest>